<?xml version="1.0" encoding="UTF-8"?>
<!-- Generated by org.testng.reporters.JUnitXMLReporter -->
<testsuite ignored="0" hostname="DESKTOP-EFM9JGP" failures="0" tests="9" name="WebServicesUJ" time="15.659" errors="0" timestamp="2020-07-21T02:17:43 IST">
  <testcase classname="restServices.LibraryServicesSingleTest" name="restTest_TS" time="7.237"/>
  <testcase classname="soapServices.EmployeeServicesSingleTest" name="SoapTest_TS" time="2.376"/>
  <testcase classname="restServices.LibraryServicesMultipleTest" name="SoapTest_TS1" time="1.282"/>
  <testcase classname="restServices.LibraryServicesMultipleTest" name="restTest_TS2" time="0.733"/>
  <testcase classname="restServices.LibraryServicesMultipleTest" name="restTest_TS3" time="1.919"/>
  <testcase classname="restServices.LibraryServicesMultipleTest" name="restTest_tS4" time="0.804"/>
  <testcase classname="soapServices.EmployeeServicesMultipleTest" name="SoapTest_TS1" time="0.288"/>
  <testcase classname="soapServices.EmployeeServicesMultipleTest" name="SoapTest_TS2" time="0.76"/>
  <testcase classname="soapServices.EmployeeServicesMultipleTest" name="SoapTest_TS3" time="0.202"/>
</testsuite> <!-- WebServicesUJ -->
