<?xml version="1.0" encoding="UTF-8"?>
<testng-results ignored="0" total="9" passed="9" failed="0" skipped="0">
  <reporter-output>
  </reporter-output>
  <suite started-at="2020-07-21T02:17:27 IST" name="WebServicesUJ" finished-at="2020-07-21T02:17:43 IST" duration-ms="15659">
    <groups>
    </groups>
    <test started-at="2020-07-21T02:17:27 IST" name="WebServicesUJ" finished-at="2020-07-21T02:17:43 IST" duration-ms="15659">
      <class name="soapServices.EmployeeServicesSingleTest">
        <test-method signature="SoapTest_TS()[pri:0, instance:soapServices.EmployeeServicesSingleTest@4c60d6e9]" started-at="2020-07-21T02:17:34 IST" name="SoapTest_TS" finished-at="2020-07-21T02:17:37 IST" duration-ms="2376" status="PASS">
          <reporter-output>
          </reporter-output>
        </test-method> <!-- SoapTest_TS -->
      </class> <!-- soapServices.EmployeeServicesSingleTest -->
      <class name="soapServices.EmployeeServicesMultipleTest">
        <test-method signature="SoapTest_TS1()[pri:0, instance:soapServices.EmployeeServicesMultipleTest@4a83a74a]" started-at="2020-07-21T02:17:41 IST" name="SoapTest_TS1" finished-at="2020-07-21T02:17:42 IST" duration-ms="288" status="PASS">
          <reporter-output>
          </reporter-output>
        </test-method> <!-- SoapTest_TS1 -->
        <test-method signature="SoapTest_TS2()[pri:0, instance:soapServices.EmployeeServicesMultipleTest@4a83a74a]" started-at="2020-07-21T02:17:42 IST" name="SoapTest_TS2" finished-at="2020-07-21T02:17:42 IST" duration-ms="760" status="PASS">
          <reporter-output>
          </reporter-output>
        </test-method> <!-- SoapTest_TS2 -->
        <test-method signature="SoapTest_TS3()[pri:0, instance:soapServices.EmployeeServicesMultipleTest@4a83a74a]" started-at="2020-07-21T02:17:42 IST" name="SoapTest_TS3" finished-at="2020-07-21T02:17:43 IST" duration-ms="202" status="PASS">
          <reporter-output>
          </reporter-output>
        </test-method> <!-- SoapTest_TS3 -->
      </class> <!-- soapServices.EmployeeServicesMultipleTest -->
      <class name="restServices.LibraryServicesMultipleTest">
        <test-method signature="SoapTest_TS1()[pri:0, instance:restServices.LibraryServicesMultipleTest@15043a2f]" started-at="2020-07-21T02:17:37 IST" name="SoapTest_TS1" finished-at="2020-07-21T02:17:38 IST" duration-ms="1282" status="PASS">
          <reporter-output>
          </reporter-output>
        </test-method> <!-- SoapTest_TS1 -->
        <test-method signature="restTest_TS2()[pri:0, instance:restServices.LibraryServicesMultipleTest@15043a2f]" started-at="2020-07-21T02:17:38 IST" name="restTest_TS2" finished-at="2020-07-21T02:17:39 IST" duration-ms="733" status="PASS">
          <reporter-output>
          </reporter-output>
        </test-method> <!-- restTest_TS2 -->
        <test-method signature="restTest_TS3()[pri:0, instance:restServices.LibraryServicesMultipleTest@15043a2f]" started-at="2020-07-21T02:17:39 IST" name="restTest_TS3" finished-at="2020-07-21T02:17:41 IST" duration-ms="1919" status="PASS">
          <reporter-output>
          </reporter-output>
        </test-method> <!-- restTest_TS3 -->
        <test-method signature="restTest_tS4()[pri:0, instance:restServices.LibraryServicesMultipleTest@15043a2f]" started-at="2020-07-21T02:17:41 IST" name="restTest_tS4" finished-at="2020-07-21T02:17:41 IST" duration-ms="804" status="PASS">
          <reporter-output>
          </reporter-output>
        </test-method> <!-- restTest_tS4 -->
      </class> <!-- restServices.LibraryServicesMultipleTest -->
      <class name="restServices.LibraryServicesSingleTest">
        <test-method signature="restTest_TS()[pri:0, instance:restServices.LibraryServicesSingleTest@196a42c3]" started-at="2020-07-21T02:17:27 IST" name="restTest_TS" finished-at="2020-07-21T02:17:34 IST" duration-ms="7237" status="PASS">
          <reporter-output>
          </reporter-output>
        </test-method> <!-- restTest_TS -->
      </class> <!-- restServices.LibraryServicesSingleTest -->
    </test> <!-- WebServicesUJ -->
  </suite> <!-- WebServicesUJ -->
</testng-results>
